<?xml version="1.0" encoding="UTF-8"?>
<testng-results ignored="0" total="1" passed="1" failed="0" skipped="0">
  <reporter-output>
  </reporter-output>
  <suite started-at="2025-02-08T01:42:43 IST" name="Surefire suite" finished-at="2025-02-08T01:43:50 IST" duration-ms="66737">
    <groups>
    </groups>
    <test started-at="2025-02-08T01:42:43 IST" name="Surefire test" finished-at="2025-02-08T01:43:50 IST" duration-ms="66737">
      <class name="MakeMyTrip.MakeMyTripAutomation.AppTest">
        <test-method signature="performSearch(java.lang.String,java.lang.String,java.lang.String,java.lang.String,java.lang.String,java.lang.String,java.lang.String,java.lang.String,int)[pri:0, instance:MakeMyTrip.MakeMyTripAutomation.AppTest@1677d1]" started-at="2025-02-08T01:42:44 IST" name="performSearch" data-provider="testData" finished-at="2025-02-08T01:43:50 IST" duration-ms="65703" status="PASS">
          <params>
            <param index="0">
              <value>
                <![CDATA[Chennai]]>
              </value>
            </param>
            <param index="1">
              <value>
                <![CDATA[Bengaluru]]>
              </value>
            </param>
            <param index="2">
              <value>
                <![CDATA[21 January 2025]]>
              </value>
            </param>
            <param index="3">
              <value>
                <![CDATA[28/February/2025]]>
              </value>
            </param>
            <param index="4">
              <value>
                <![CDATA[4]]>
              </value>
            </param>
            <param index="5">
              <value>
                <![CDATA[2]]>
              </value>
            </param>
            <param index="6">
              <value>
                <![CDATA[0]]>
              </value>
            </param>
            <param index="7">
              <value>
                <![CDATA[Economy/Premium Economy]]>
              </value>
            </param>
            <param index="8">
              <value>
                <![CDATA[1]]>
              </value>
            </param>
          </params>
          <reporter-output>
          </reporter-output>
        </test-method> <!-- performSearch -->
      </class> <!-- MakeMyTrip.MakeMyTripAutomation.AppTest -->
    </test> <!-- Surefire test -->
  </suite> <!-- Surefire suite -->
</testng-results>
